  692  cd Assignment3/
  693  wget https://raw.githubusercontent.com/khanchandaniashish/CS131/main/awksp24/last.fake
  694  wget https://raw.githubusercontent.com/khanchandaniashish/CS131/main/awksp24/passwd.fake
  695  wget https://raw.githubusercontent.com/khanchandaniashish/CS131/main/awksp24/ps.fake
  696  l
  697  ls -ltr
  698  last 5
  699  last
  700  head last.fake 

Task 1.1  701  wc -l last.fake 

  702  wc -l last.fake > Assignment3.txt
  703  ls
  704  vi Assignment3.txt 

Task 1.2  705  awk '/sp24/' last.fake > lastsp24.fake

Task 1.3  706  wc -l lastsp24.fake 

  707  grep sp24 last.fake | wc -l
  708  vi Assignment3.txt 
  709  vi lastsp24.fake 
  710  grep Sun lastsp24.fake|awk 'BEGIN{print "The list of people who worked on Sunday are:"} End{print "Kudos to these people for putting in the work"} {print $1} | sort -u
  711  1
  712  grep Sun lastsp24.fake 
  713  grep Sun lastsp24.fake|awk 'BEGIN{print "The list of people who worked on Sunday are:"} End{print "Kudos to these people for putting in the work"} {print $1}
  714  grep Sun lastsp24.fake|awk 'BEGIN{print "The list of people who worked on Sunday are:"} END{print "Kudos to these people for putting in the work"} {print $1}
  715  grep Sun lastsp24.fake|awk 'BEGIN{print "The list of people who worked on Sunday are:";} END{print "Kudos to these people for putting in the work";} {print $1;}
  716  grep Sun lastsp24.fake|awk {print $1;}' | sort -u | awk 'BEGIN{print "The list of people who worked on Sunday are:";} END{print "Kudos to these people for putting in the work";}
  717  grep Sun lastsp24.fake|awk 'BEGIN{print "The list of people who worked on Sunday are:";} END{print "Kudos to these people for putting in the work";} {print $1;}' | sort -u[B
  718  grep Sun lastsp24.fake|awk '{print $1;}'| sort -u| awk 'BEGIN{print "The list of people who worked on Sunday are:";} END{print "Kudos to these people for putting in the work";}'
  719  grep Sun lastsp24.fake|awk '{print $1;}'| sort -u| awk 'BEGIN{print "The list of people who worked on Sunday are:";} END{print "Kudos to these people for putting in the work";} {print $1}'
  720  vi Assignment3.txt 
  721  head -2 lastsp24.fake 
  722  tail -2 lastsp24.fake 
  723  awk '{print $7}' lastsp24.fake 
  724  awk '{print $7 " " print $8}' lastsp24.fake | tail
  725  awk '{print $7 " " $8}' lastsp24.fake | tail
  726  awk '{print $7 " " $8}' lastsp24.fake | head
  727  awk '{print $7 " " $8 " " $9}' lastsp24.fake | tail
  728  awk '{print $7 " " $8 " " $9}' lastsp24.fake | head
  729  vi lastsp24.fake 
  730  vi last.fake 
  731  awk '{print $6" "$7 " " $8 " " $9}' lastsp24.fake | head
  732  awk '{print $6" "$7 " " $8}' lastsp24.fake | head
  733  awk '{if ($6~/^[0-9]$/) {$6 = $7}} {print $6}'
  734  awk -F '{if ($6~/^[0-9]$/) {$6 = $7}} {print $6}'
  735  [A
  736  awk '{if ($6~/^[0-9]$/) {$6 = $7}} {print $6}' lastsp24.fake 
  737  awk '{if ($6~/^[0-9]$/) {$6 = $7}} {print $6}' lastsp24.fake | head
  738  awk '{if ($6~/^[0-9]$/) {$6 = $7}} {print $6}' lastsp24.fake | tail
  739  tail lastsp24.fake 
  740  awk '{print $6" "$7 " " $8 " " $9}' lastsp24.fake | tail
  741  awk '{print $6" "$7 " " $8 " " $9}' lastsp24.fake | head
  742  awk '{if ($6~/^[0-9][ 0-9]$/) {$6 = $7}}{if ($8~/^"still"$/){$8=$7}} {print $6" "$8}' lastsp24.fake | tail
  743  awk '{if ($6~/^[0-9][ 0-9]$/) {$6 = $7}}{if ($8~/^"still"$/){$8=$7}} {print $6" "$8}' lastsp24.fake | head
  744  awk '{if ($6~/^[0-9]$/) {$6 = $7}}{if ($8~/"still"/){$8=$7}} {print $6" "$8}' lastsp24.fake | head
  745  awk '{if ($6~/^[0-9]$/) {$6 = $7}}{if ($8~/^[s]$/){$8 = $7}} {print $6" "$8}' lastsp24.fake | head
  746  awk '{if ($6~/^[0-9]$/) {$6 = $7}}{if ($8~/^still$/){$8 = $7}} {print $6" "$8}' lastsp24.fake | head
  747  awk '{if ($6~/^[0-9]$/) {$6 = $7}}{if ($8~/^still$/){$8 = $7}}{if($8~/^[-]$){$8 = $9}} {print $6" "$8}' lastsp24.fake | head
  748  awk '{if ($6~/^[0-9]$/) {$6 = $7}}{if ($8~/^still$/){$8 = $7}}{if($8~/^[-]$/){$8 = $9}} {print $6" "$8}' lastsp24.fake | head
  749  awk '{if ($6~/^[0-9]$/) {$6 = $7}}{if ($8~/^still$/){$8 = $7}}{if($8~/^[-]$/){$8 = $9}} {print $6" "$8}' lastsp24.fake | tail
  750  awk '{if ($6~/^[ 0-9][0-9]$/) {$6 = $7}}{if ($8~/^still$/){$8 = $7}}{if($8~/^[-]$/){$8 = $9}} {print $6" "$8}' lastsp24.fake | tail
  751  awk '{if ($6~/^[ 0-9][0-9]$/) {$6 = $7}}{if ($8~/^still$/){$8 = $7}}{if($8~/^[-]$/){$8 = $9}} {print $6" "$8}' lastsp24.fake | head
  752  awk '{if ($6~/^[0-9][0-9]$/ || $6~/^[0-9]$/) {$6 = $7}}{if ($8~/^still$/){$8 = $7}}{if($8~/^[-]$/){$8 = $9}} {print $6" "$8}' lastsp24.fake | head
  753  awk '{if ($6~/^[0-9][0-9]$/ || $6~/^[0-9]$/) {$6 = $7}}{if ($8~/^still$/){$8 = $7}}{if($8~/^[-]$/){$8 = $9}} {print $6" "$8}' lastsp24.fake | tail
  754  awk '{if ($6~/^[0-9][0-9]$/ || $6~/^[0-9]$/) {$6 = $7}}{if ($8~/^still$/){$8 = $7}}{if($8~/^[-]$/){$8 = $9}} {print $1" "$6" "$8}' lastsp24.fake | tail
  755  awk '{if ($6~/^[0-9][0-9]$/ || $6~/^[0-9]$/) {$6 = $7}}{if ($8~/^still$/){$8 = $7}}{if($8~/^[-]$/){$8 = $9}} {print $1" "$6" "$8}' lastsp24.fake | awk '{if($2>=22:00 || $2<= 04:00){print $1 " "$2" "$3}|tail
  756  awk '{if ($6~/^[0-9][0-9]$/ || $6~/^[0-9]$/) {$6 = $7}}{if ($8~/^still$/){$8 = $7}}{if($8~/^[-]$/){$8 = $9}} {print $1" "$6" "$8}' lastsp24.fake | awk '{if($2>=22:00 || $2<= 04:00){print $1 " "$2" "$3}'|tail
  757  awk '{if ($6~/^[0-9][0-9]$/ || $6~/^[0-9]$/) {$6 = $7}}{if ($8~/^still$/){$8 = $7}}{if($8~/^[-]$/){$8 = $9}} {print $1":"$6":"$8}' lastsp24.fake | awk -F: '{if($2>=22 || $2<= 04){print $1 " "$2":"$3" "$4":"$5}'|tail
  758  awk '{if ($6~/^[0-9][0-9]$/ || $6~/^[0-9]$/) {$6 = $7}}{if ($8~/^still$/){$8 = $7}}{if($8~/^[-]$/){$8 = $9}} {print $1":"$6":"$8}' lastsp24.fake | awk -F: '{if($2>=22 || $2<= 04){print $1 " "$2":"$3" "$4":"$5}}'|tail
  759  awk '{if ($6~/^[0-9][0-9]$/ || $6~/^[0-9]$/) {$6 = $7}}{if ($8~/^still$/){$8 = $7}}{if($8~/^[-]$/){$8 = $9}} {print $1":"$6":"$8}' lastsp24.fake | awk -F: '($2>=22 || $2<= 04){print $1 " "$2":"$3" "$4":"$5}'|tail
  760  awk '{if ($6~/^[0-9][0-9]$/ || $6~/^[0-9]$/) {$6 = $7}}{if ($8~/^still$/){$8 = $7}}{if($8~/^[-]$/){$8 = $9}} {print $1":"$6":"$8}' lastsp24.fake | awk -F: '($2>=22 || $2<= 04)($4>=22||$4<=4){print $1 " "$2":"$3" "$4":"$5}'|tail
  761  awk '{if ($6~/^[0-9][0-9]$/ || $6~/^[0-9]$/) {$6 = $7}}{if ($8~/^still$/){$8 = $7}}{if($8~/^[-]$/){$8 = $9}} {print $1":"$6":"$8}' lastsp24.fake | awk -F: '($2>=22 || $2<= 04||$4>=22||$4<=4){print $1 " "$2":"$3" "$4":"$5}'|tail
  762  awk '{if ($6~/^[0-9][0-9]$/ || $6~/^[0-9]$/) {$6 = $7}}{if ($8~/^still$/){$8 = $7}}{if($8~/^[-]$/){$8 = $9}} {print $1":"$6":"$8}' lastsp24.fake | awk -F: '($2>=22 || $2<= 04||$4>=22||$4<=4){print $1 " "$2":"$3" "$4":"$5}'
  763  awk '{if ($6~/^[0-9][0-9]$/ || $6~/^[0-9]$/) {$6 = $7}}{if ($8~/^still$/){$8 = $7}}{if($8~/^[-]$/){$8 = $9}} {print $1":"$6":"$8}' lastsp24.fake | awk -F: '($2>=22 || $2<= 04||$4>=22||$4<=4){print $1 " "$2":"$3" "$4":"$5}'| sort -u
  764  vi Assignment3.txt 
  765  awk '{if ($6~/^[0-9][0-9]$/ || $6~/^[0-9]$/) {$6 = $7}}{if ($8~/^still$/){$8 = $7}}{if($8~/^[-]$/){$8 = $9}} {print $1":"$6":"$8}' lastsp24.fake | awk -F: '($2>=22 || $2<= 04||$4>=22||$4<=4){print $1}'| sort -u
  766  vi Assignment3.txt 
  767  awk '{if ($6~/^[0-9][0-9]$/ || $6~/^[0-9]$/) {$6 = $7}}{if ($8~/^still$/){$8 = $7}}{if($8~/^[-]$/){$8 = $9}} {print $1":"$6":"$8}' lastsp24.fake | awk -F: '($2>=22 || $2<= 04||$4>=22||$4<=4){print $1}'| sort -u | awk 'BEGIN{print "Night Owls List:}END{print "Night Owls are dope. Please ensure you get enough sleep though."}{print $1}]'
  768  awk '{if ($6~/^[0-9][0-9]$/ || $6~/^[0-9]$/) {$6 = $7}}{if ($8~/^still$/){$8 = $7}}{if($8~/^[-]$/){$8 = $9}} {print $1":"$6":"$8}' lastsp24.fake | awk -F: '($2>=22 || $2<= 04||$4>=22||$4<=4){print $1}'| sort -u | awk 'BEGIN{print "Night Owls List:"}END{print "Night Owls are dope. Please ensure you get enough sleep though."}{print $1}]'
  769  vi Assignment3.txt 
  770  awk '{if ($6~/^[0-9][0-9]$/ || $6~/^[0-9]$/) {$6 = $7}}{if ($8~/^still$/){$8 = $7}}{if($8~/^[-]$/){$8 = $9}} {print $1":"$6":"$8}' lastsp24.fake | awk -F: '($2>=22 || $2<= 04||$4>=22||$4<=4){print $1}'| sort -u | awk 'BEGIN{print "Night Owls List:";}END{print "Night Owls are dope. Please ensure you get enough sleep though.";}{print $1}]'
  771  awk '{if ($6~/^[0-9][0-9]$/ || $6~/^[0-9]$/) {$6 = $7}}{if ($8~/^still$/){$8 = $7}}{if($8~/^[-]$/){$8 = $9}} {print $1":"$6":"$8}' lastsp24.fake | awk -F: '($2>=22 || $2<= 04||$4>=22||$4<=4){print $1}'| sort -u | awk 'BEGIN{print "Night Owls List:";}END{print "Night Owls are dope. Please ensure you get enough sleep though.";}{print $1}'
  772  vi Assignment3.txt 
  773  awk '{if ($6~/^[0-9][0-9]$/ || $6~/^[0-9]$/) {$6 = $7}}{if ($8~/^still$/){$8 = $7}}{if($8~/^[-]$/){$8 = $9}} {print $1":"$6":"$8}' lastsp24.fake | awk -F: '($2>=5 || $2<= 9||$4>=5||$4<=9){print $1}'| sort -u | awk 'BEGIN{print "Early Birds List:";}END{print "Early Birds are dope. Please ensure you get enough sleep though.";}{print $1}'
  774  awk '{if ($6~/^[0-9][0-9]$/ || $6~/^[0-9]$/) {$6 = $7}}{if ($8~/^still$/){$8 = $7}}{if($8~/^[-]$/){$8 = $9}} {print $1":"$6":"$8}' lastsp24.fake | awk -F: '($2>=5 || $2<= 9||$4>=5||$4<=9){print $1" "$2":"$3" "$4":"$5}'
  775  awk '{if ($6~/^[0-9][0-9]$/ || $6~/^[0-9]$/) {$6 = $7}}{if ($8~/^still$/){$8 = $7}}{if($8~/^[-]$/){$8 = $9}} {print $1":"$6":"$8}' lastsp24.fake | awk -F: '($2>=5&&$2<= 9||$4>=5&&$4<=9){print $1" "$2":"$3" "$4":"$5}'
  776  awk '{if ($6~/^[0-9][0-9]$/ || $6~/^[0-9]$/) {$6 = $7}}{if ($8~/^still$/){$8 = $7}}{if($8~/^[-]$/){$8 = $9}} {print $1":"$6":"$8}' lastsp24.fake | awk -F: '($2>=5&&$2<= 9||$4>=5&&$4<=9){print $1}'{print $1}'| sort -u | awk 'BEGIN{print "Early Birds List:";}END{print "Early Birds are dope. Please ensure you get enough sleep though.";}{print $1}'
  777  awk '{if ($6~/^[0-9][0-9]$/ || $6~/^[0-9]$/) {$6 = $7}}{if ($8~/^still$/){$8 = $7}}{if($8~/^[-]$/){$8 = $9}} {print $1":"$6":"$8}' lastsp24.fake | awk -F: '($2>=5&&$2<= 9||$4>=5&&$4<=9){print $1}'| sort -u | awk 'BEGIN{print "Early Birds List:";}END{print "Early Birds are dope. Please ensure you get enough sleep though.";}{print $1}'
  778  vi Assignment3.txt 
  779  awk '{if ($6~/^[0-9][0-9]$/ || $6~/^[0-9]$/) {$6 = $7}}{if ($8~/^still$/){$8 = $7}}{if($8~/^[-]$/){$8 = $9}} {print $1":"$6":"$8}' lastsp24.fake | awk -F: '($2>=22&&$2<= 04||$4>=22&&$4<=4){print $1}'| sort -u | awk 'BEGIN{print "Night Owls List:";}END{print "Night Owls are dope. Please ensure you get enough sleep though.";}{print $1}'
  780  awk '{if ($6~/^[0-9][0-9]$/ || $6~/^[0-9]$/) {$6 = $7}}{if ($8~/^still$/){$8 = $7}}{if($8~/^[-]$/){$8 = $9}} {print $1":"$6":"$8}' lastsp24.fake | awk -F: '($2>=22&&$2<=4||$4>=22&&$4<=4){print $1}'| sort -u | awk 'BEGIN{print "Night Owls List:";}END{print "Night Owls are dope. Please ensure you get enough sleep though.";}{print $1}'
  781  vi lastsp24.fake 
  782  awk '{if ($6~/^[0-9][0-9]$/ || $6~/^[0-9]$/) {$6 = $7}}{if ($8~/^still$/){$8 = $7}}{if($8~/^[-]$/){$8 = $9}} {print $1":"$6":"$8}' lastsp24.fake | awk -F: '($2>=22||$2<=4||$4>=22||$4<=4){print $1}'| sort -u | awk 'BEGIN{print "Night Owls List:";}END{print "Night Owls are dope. Please ensure you get enough sleep though.";}{print $1}'
  783  awk '{if ($6~/^[0-9][0-9]$/ || $6~/^[0-9]$/) {$6 = $7}}{if ($8~/^still$/){$8 = $7}}{if($8~/^[-]$/){$8 = $9}} {print $1":"$6":"$8}' lastsp24.fake | awk -F: '($2>=22||$2<=4||$4>=22||$4<=4){print $1" "$2":"$3" "$4":"$5}'
  784  awk '{if ($6~/^[0-9][0-9]$/ || $6~/^[0-9]$/) {$6 = $7}}{if ($8~/^still$/){$8 = $7}}{if($8~/^[-]$/){$8 = $9}} {print $1":"$6":"$8}' lastsp24.fake | awk -F: '($2>=23||$2<=4||$4>=23||$4<=4){print $1" "$2":"$3" "$4":"$5}'
  785  awk '{if ($6~/^[0-9][0-9]$/ || $6~/^[0-9]$/) {$6 = $7}}{if ($8~/^still$/){$8 = $7}}{if($8~/^[-]$/){$8 = $9}} {print $1":"$6":"$8}' lastsp24.fake | awk -F: '($2>=23||$2<=4||$4>=23||$4<=4){print $1}'| sort -u | awk 'BEGIN{print "Night Owls List:";}END{print "Night Owls are dope. Please ensure you get enough sleep though.";}{print $1}'
  786  vi Assignment3.txt 
  787  awk '/^[tT]/ {print $1}' lastsp24.fake 

Task 5  788  awk '/^[tT]/ {print $1}' lastsp24.fake | sort -u

  789  vi Assignment3.txt 
  790  head passwd.fake 
  791  awk '(/^[aA]/)' passwd.fake 
  792  awk -F: '($1~/^[aA]/)&&($3%2==0)' passwd.fake 

Task 6  793  awk -F: '($1~/^[aA]/)&&($3%2==0){print $1}' passwd.fake 

  794  vi Assignment3.txt 
  795  sed 's/[A-z0-9 ]//g' Assignment3.txt | head
  796  sed 's/[A-z0-9]//g' Assignment3.txt | head
  797  sed 's/[A-z]//g' Assignment3.txt | head
  798  sed 's/[a-zA-z0-9/ ]//g' Assignment3.txt | head
  799  sed 's/[a-zA-z0-9]//g' Assignment3.txt | head
  800  sed 's/[a-zA-z]//g' Assignment3.txt | head
  801  sed 's/[a-z]//g' Assignment3.txt | head
  802  sed 's/[a-z]//g' passwd.fake| head
  803  sed 's/[a-z][ ][0-9]//g' passwd.fake| head
  804  sed 's/[a-z]//g' passwd.fake| head
  805  sed 's/[a-z0-9]//g' passwd.fake| head
  806  sed 's/[a-z0-9A-Z]//g' passwd.fake| head
  807  sed 's/[a-z0-9A-Z ]//g' passwd.fake| head
  808  sed 's/[a-z0-9A-Z/ ]//g' passwd.fake| head

Task 7  809  sed 's/[a-z0-9A-Z ]//g' passwd.fake| sort -u

  810  vi Assignment3.txt 
  811  history > cmds.log
  812  vi cmds.log 
  813  vi Assignment3.txt 
  814  :wq
  815  vi cmds.log 
  816  vi Assignment3.txt 
  817  vi cd
  818  rm cd
  819  vi cmds.log 
  820  ls
  821  tmux
  822  tmux ls
  823  cd Assignment3/
  824  ls
  825  vi cmds.log 
  826  tmux ls
  827  tmux kill-session
  828  tmux ls
  829  cd ..
  830  git init
  831  git add .
  832  git status 
  833  git rm Assignment3//lastsp24.fake 
  834  git rm --cached Assignment3/lastsp24.fake 
  835  git rm --cached Assignment3/last.fake 
  836  git rm --cached Assignment3/ps.fake 
  837  git rm --cached Assignment3/passwd.fake 
  838  git status
  839  git commit -m "Assignment 3 Commit"
  840  git push -u origin main
  841  ls
  842  cd assig3/
  843  cd cs131/
  844  ls
  845  cs Assignment3/
  846  cd Assignment3/
  847  ls
  848  grep Sun last.fake 
  849  grep Sun last.fake | wc -l
  850* 
  851  grep Sun last.fake | sort 
  852  awk '{if ($6~/^[0-9][0-9]$/  $6~/^[0-9]$/) {$6 = $7}}{if ($8~/^still$/){$8 = $7}}{if($8~/^[-]$/){$8 = $9}} {print $1":"$6":"$8}' lastsp24.fake | awk -F:'($2>=23$2<=4$4>=23$4<=4){print $1" "$2":"$3" "$4":"$5}'
  853  awk '{if ($6~/^[0-9][0-9]$/||$6~/^[0-9]$/) {$6 = $7}}{if ($8~/^still$/){$8 = $7}}{if($8~/^[-]$/){$8 = $9}} {print $1":"$6":"$8}' lastsp24.fake | awk -F:'($2>=23||$2<=4||$4>=23||$4<=4){print $1" "$2":"$3" "$4":"$5}'
  854  awk '{if ($6~/^[0-9][0-9]$/||$6~/^[0-9]$/) {$6 = $7}}{if ($8~/^still$/){$8 = $7}}{if($8~/^[-]$/){$8 = $9}} {print $1":"$6":"$8}' lastsp24.fake | awk -F:'($2 >= 23 || $2 <= 4 || $4 >= 23 || $4 <= 4){print $1" "$2":"$3" "$4":"$5}'
  855  awk '{if ($6~/^[0-9][0-9]$/ || $6~/^[0-9]$/) {$6 = $7}}{if ($8~/^still$/){$8 = $7}}{if($8~/^[-]$/){$8 = $9}} {print $1":"$6":"$8}' lastsp24.fake | awk -F:'($2>=23||$2<=4||$4>=23||$4<=4){print $1" "$2":"$3" "$4":"$5}'
  856  ls
  857  awk '{if ($6~/^[0-9][0-9]$/ || $6~/^[0-9]$/) {$6 = $7}}{if ($8~/^still$/){$8 = $7}}{if($8~/^[-]$/){$8 = $9}} {print $1":"$6":"$8}' lastsp24.fake | awk -F:'($2>=23||$2<=4||$4>=23||$4<=4){print $1}'| sort -u | awk 'BEGIN{print "Night Owls List:";}END{print "Night Owls are dope. Please ensure you get enough sleep though.";}{print $1}'
  858  gawk '{if ($6~/^[0-9][0-9]$/ || $6~/^[0-9]$/) {$6 = $7}}{if ($8~/^still$/){$8 = $7}}{if($8~/^[-]$/){$8 = $9}} {print $1":"$6":"$8}' lastsp24.fake | awk -F:'($2>=23||$2<=4||$4>=23||$4<=4){print $1}'| sort -u | awk 'BEGIN{print "Night Owls List:";}END{print "Night Owls are dope. Please ensure you get enough sleep though.";}{print $1}'
  859  vi cmds.log 
  860*  awk '{if ($6~/^[0-9][0-9]$/ || $6~/^[0-9]$/) {$6 = $7}}{if ($8~/^still$/){$8 = $7}}{if($8~/^[-]$/){$8 = $9}} {print $1":"$6":"$8}' lastsp24.fake | awk -F: '($2>=23||$2<=4||$4>=23||$4<=4){print $1}'| sort -u | awk 'BEGIN{print "Night Owls List:";}END{print "Night Owls are dope. Please ensure you get enough 
  861  awk '{if ($6~/^[0-9][0-9]$/ || $6~/^[0-9]$/) {$6 = $7}}{if ($8~/^still$/){$8 = $7}}{if($8~/^[-]$/){$8 = $9}} {print $1":"$6":"$8}' lastsp24.fake | awk -F:'($2>=23||$2<=4||$4>=23||$4<=4){print $1}'| sort -u | awk 'BEGIN{print "Night Owls List:";}END{print "Night Owls are dope. Please ensure you get enough sleep though.";}{print $1}'
  862  awk '{if ($6~/^[0-9][0-9]$/ || $6~/^[0-9]$/) {$6 = $7}}{if ($8~/^still$/){$8 = $7}}{if($8~/^[-]$/){$8 = $9}} {print $1":"$6":"$8}' lastsp24.fake | awk -F: '($2>=23||$2<=4||$4>=23||$4<=4){print $1}'| sort -u | awk 'BEGIN{print "Night Owls List:";}END{print "Night Owls are dope. Please ensure you get enough sleep though.";}{print $1}'
  863  awk '{if ($6~/^[0-9][0-9]$/ || $6~/^[0-9]$/) {$6 = $7}}{if ($8~/^still$/){$8 = $7}}{if($8~/^[-]$/){$8 = $9}} {print $1":"$6":"$8}' lastsp24.fake | awk -F:'($2>=23||$2<=4||$4>=23||$4<=4){print $1}'| sort -u | awk 'BEGIN{print "Night Owls List:";}END{print "Night Owls are dope. Please ensure you get enough sleep though.";}{print $1}'
  864* awk '{if ($6~/^[0-9][0-9]$/ || $6~/^[0-9]$/) {$6 = $7}}{if ($8~/^still$/){$8 = $7}}{if($8~/^[-]$/){$8 = $9}} {print $1":"$6":"$8}' lastsp24.fake | awk -F: '($2>=23||$2<=4||$4>=23||$4<=4){print $1}'| sort -u | awk 'BEGIN{print "Night Owls List:";}END{print "Night Owls are dope. Please ensure you get e
  865  vi Assignment3.txt 
  866  awk '{if ($6~/^[0-9][0-9]$/ || $6~/^[0-9]$/) {$6 = $7}}{if ($8~/^still$/){$8 = $7}}{if($8~/^[-]$/){$8 = $9}} {print $1":"$6":"$8}' lastsp24.fake | awk -F: '($2>=23||$2<=4||$4>=23||$4<=4){print $1}'| sort -u | awk 'BEGIN{print "Night Owls List:";}END{print "Night Owls are dope. Please ensure you get enough sleep though.";}{print $1}'
  867  awk '{if ($6~/^[0-9][0-9]$/ || $6~/^[0-9]$/) {$6 = $7}}{if ($8~/^still$/){$8 = $7}}{if($8~/^[-]$/){$8 = $9}} {print $1":"$6":"$8}' lastsp24.fake | awk -F: '($2>=23||$2<=4||$4>=23||$4<=4){print $1" "$2":"$3" "$4":"$5}'
  868* awk '{if ($6~/^[0-9][0-9]$/ || $6~/^[0-9]$/) {$6 = $7}}{if ($8~/^still$/){$8 = $7}}{if($8~/^[-]$/){$8 = $9}} {print $1":"$6":"$8}' lastsp24.fake | awk -F: '($2>=23||$2<=4||$4>=23||$4<=4){print $1" "$2":"$3" "$4":"$5}'
  869  awk '{if ($6~/^[0-9][0-9]$/ || $6~/^[0-9]$/) {$6 = $7}}{if ($8~/^still$/){$8 = $7}}{if($8~/^[-]$/){$8 = $9}}{if($9~/^no$/){$8=$6}} {print $1":"$6":"$8}' lastsp24.fake | awk -F: '($2>=23||$2<=4||$4>=23||$4<=4){print $1" "$2":"$3" "$4":"$5}'
  870  awk '{if ($6~/^[0-9][0-9]$/ || $6~/^[0-9]$/) {$6 = $7}}{if ($8~/^still$/){$8 = $7}}{if($8~/^[-]$/){$8 = $9}}{if($9~/^no$/){$8=$6}} {print $1":"$6":"$8}' lastsp24.fake | awk -F: '($2>=23||$2<=4||$4>=23||$4<=4){print $1}'| sort -u | awk 'BEGIN{print "Night Owls List:";}END{print "Night Owls are dope. Please ensure you get enough sleep though.";}{print $1}'
  871  vi Assignment3.txt 

Task 3
  872  awk '{if ($6~/^[0-9][0-9]$/ || $6~/^[0-9]$/) {$6 = $7}}{if ($8~/^still$/){$8 = $7}}{if($8~/^[-]$/){$8 = $9}}{if($9~/^no$/){$8=$6}} {print $1":"$6":"$8}' lastsp24.fake | awk -F: '($2>=23||$2<=4||$4>=23||$4<=4){print $1}'| sort -u | awk 'BEGIN{print "Night Owls List:";}END{print "Night Owls are dope. Please ensure you get enough sleep though.";}{print $1}'

  873  vi Assignment3.txt 
  874  awk '{if ($6~/^[0-9][0-9]$/ || $6~/^[0-9]$/) {$6 = $7}}{if ($8~/^still$/){$8 = $7}}{if($8~/^[-]$/){$8 = $9}} {print $1":"$6":"$8}' lastsp24.fake | awk -F: '($2>=5&&$2<= 9||$4>=5&&$4<=9){print $1}'| sort -u | awk 'BEGIN{print "Early Birds List:";}END{print "Early Birds are dope. Please ensure you get enough sleep though.";}{print $1}'
  875  awk '{if ($6~/^[0-9][0-9]$/ || $6~/^[0-9]$/) {$6 = $7}}{if ($8~/^still$/){$8 = $7}}{if($8~/^[-]$/){$8 = $9}} {print $1":"$6":"$8}' lastsp24.fake | awk -F: '($2>=5&&$2<= 9||$4>=5&&$4<=9){print $1" "$2":"$3" "$4":"$5}'
  876  awk '{if ($6~/^[0-9][0-9]$/ || $6~/^[0-9]$/) {$6 = $7}} {print $1":"$6}' lastsp24.fake | awk -F: '($2>=23||$2<=4){print $1}'| sort -u | awk 'BEGIN{print "Night Owls List:";}END{print "Night Owls are dope. Please ensure you get enough sleep though.";}{print $1}'
  877  awk '{if ($6~/^[0-9][0-9]$/ || $6~/^[0-9]$/) {$6 = $7}} {print $1":"$6}' lastsp24.fake | awk -F: '($2>=23||$2<=4){print $1" "$2":"$3}'
  878  awk '{if ($6~/^[0-9][0-9]$/ || $6~/^[0-9]$/) {$6 = $7}} {print $1":"$6}' lastsp24.fake | awk -F: '($2>=23||$2<=4){print $1}'| sort -u | awk 'BEGIN{print "Night Owls List:";}END{print "Night Owls are dope. Please ensure you get enough sleep though.";}{print $1}'
  879  vi Assignment3.txt 
  880  awk '{if ($6~/^[0-9][0-9]$/ || $6~/^[0-9]$/) {$6 = $7}}{print $1":"$6}' lastsp24.fake | awk -F: '($2>=5&&$2<= 9){print $1}'| sort -u | awk 'BEGIN{print "Early Birds List:";}END{print "Early Birds are dope. Please ensure you get enough sleep though.";}{print $1}'
  881  awk '{if ($6~/^[0-9][0-9]$/ || $6~/^[0-9]$/) {$6 = $7}}{print $1":"$6}' lastsp24.fake | awk -F: '($2>=5&&$2<= 9){print $1" "$2":"$3}'
  882  awk '{if ($6~/^[0-9][0-9]$/ || $6~/^[0-9]$/) {$6 = $7}}{print $1":"$6}' lastsp24.fake | awk -F: '($2>=5&&$2<= 9){print $1}'| sort -u | awk 'BEGIN{print "Early Birds List:";}END{print "Early Birds are dope. Please ensure you get enough sleep though.";}{print $1}'
  883  vi Assignment3.txt 

Task 4
  884  awk '{if ($6~/^[0-9][0-9]$/ || $6~/^[0-9]$/) {$6 = $7}}{print $1":"$6}' lastsp24.fake | awk -F: '($2>=5&&$2<= 9){print $1}'| sort -u | awk 'BEGIN{print "Early Birds List:";}END{print "Early Birds are dope. Please ensure you get enough sleep though.";}{print $1}'

  885  vi cmds.log 
  886  history > cmds.log
